<?xml version="1.0" encoding="UTF-8"?>
<!-- Generated by org.testng.reporters.JUnitReportReporter -->
<testsuite skipped="0" hostname="Sandeep" name="qsp.Demo" tests="3" failures="0" timestamp="23 Nov 2021 08:45:48 GMT" time="0.034" errors="0">
  <testcase name="demoo" time="0.004" classname="qsp.Demo"/>
  <testcase name="demo" time="0.027" classname="qsp.Demo"/>
  <testcase name="test" time="0.003" classname="qsp.Demo"/>
</testsuite> <!-- qsp.Demo -->
