<?xml version="1.0" encoding="UTF-8"?>
<!-- Generated by org.testng.reporters.JUnitReportReporter -->
<testsuite hostname="Sandeep" name="pom.TestClass" tests="1" failures="0" timestamp="29 Nov 2021 08:22:02 GMT" time="48.077" errors="0">
  <testcase name="test" time="48.077" classname="pom.TestClass"/>
</testsuite> <!-- pom.TestClass -->
