<?xml version="1.0" encoding="UTF-8"?>
<!-- Generated by org.testng.reporters.JUnitReportReporter -->
<testsuite hostname="Sandeep" name="qsp.TestClass" tests="1" failures="0" timestamp="26 Nov 2021 08:04:41 GMT" time="42.199" errors="0">
  <testcase name="test" time="42.199" classname="qsp.TestClass"/>
</testsuite> <!-- qsp.TestClass -->
