<?xml version="1.0" encoding="UTF-8"?>
<!-- Generated by org.testng.reporters.JUnitReportReporter -->
<testsuite hostname="Sandeep" name="qsp.Dummy" tests="1" failures="0" timestamp="24 Nov 2021 08:28:11 GMT" time="0.015" errors="0">
  <testcase name="test" time="0.015" classname="qsp.Dummy"/>
</testsuite> <!-- qsp.Dummy -->
